<?xml version="1.0" encoding="UTF-8"?>
<testsuite xmlns:xsi="http://www.w3.org/2001/XMLSchema-instance" xsi:noNamespaceSchemaLocation="https://maven.apache.org/surefire/maven-surefire-plugin/xsd/surefire-test-report.xsd" name="com.jieandata.test.utils.TestGenerateSign" time="0" tests="0" errors="0" skipped="0" failures="0">
  <properties>
    <property name="sun.desktop" value="windows"/>
    <property name="awt.toolkit" value="sun.awt.windows.WToolkit"/>
    <property name="file.encoding.pkg" value="sun.io"/>
    <property name="java.specification.version" value="1.8"/>
    <property name="sun.cpu.isalist" value="amd64"/>
    <property name="sun.jnu.encoding" value="Cp1252"/>
    <property name="java.class.path" value="C:\Users\xing_\Desktop\M_uranussv\uranussv-web\target\test-classes;C:\Users\xing_\Desktop\M_uranussv\uranussv-web\target\classes;C:\Users\xing_\Desktop\M_uranussv\uranussv-biz\target\uranussv-biz-1.0.0.jar;C:\Users\xing_\Desktop\M_uranussv\uranussv-service\target\uranussv-service-1.0.0.jar;C:\Users\xing_\Desktop\M_uranussv\uranussv-dal\target\uranussv-dal-1.0.0.jar;C:\Users\xing_\Desktop\M_uranussv\uranussv-utils\target\uranussv-utils-1.0.0.jar;C:\m2\repository\org\projectlombok\lombok\1.16.20\lombok-1.16.20.jar;C:\m2\repository\com\jieandata\jaguar-common\1.0.0\jaguar-common-1.0.0.jar;C:\m2\repository\com\jieandata\jaguar-common-utils\1.0.0\jaguar-common-utils-1.0.0.jar;C:\m2\repository\org\apache\commons\commons-lang3\3.7\commons-lang3-3.7.jar;C:\m2\repository\org\apache\commons\commons-text\1.6\commons-text-1.6.jar;C:\m2\repository\org\apache\directory\studio\org.apache.commons.io\2.4\org.apache.commons.io-2.4.jar;C:\m2\repository\commons-io\commons-io\2.4\commons-io-2.4.jar;C:\m2\repository\org\apache\httpcomponents\httpcore\4.4.6\httpcore-4.4.6.jar;C:\m2\repository\org\apache\httpcomponents\httpclient\4.5.3\httpclient-4.5.3.jar;C:\m2\repository\commons-logging\commons-logging\1.2\commons-logging-1.2.jar;C:\m2\repository\org\apache\httpcomponents\httpmime\4.5.5\httpmime-4.5.5.jar;C:\m2\repository\mysql\mysql-connector-java\8.0.12\mysql-connector-java-8.0.12.jar;C:\m2\repository\com\google\protobuf\protobuf-java\2.6.0\protobuf-java-2.6.0.jar;C:\m2\repository\org\mybatis\generator\mybatis-generator-core\1.3.6\mybatis-generator-core-1.3.6.jar;C:\Users\xing_\Desktop\M_uranussv\uranussv-integration\target\uranussv-integration-1.0.0.jar;C:\m2\repository\com\fasterxml\jackson\core\jackson-annotations\2.9.5\jackson-annotations-2.9.5.jar;C:\m2\repository\org\codehaus\jackson\jackson-core-asl\1.9.2\jackson-core-asl-1.9.2.jar;C:\m2\repository\org\codehaus\jackson\jackson-mapper-asl\1.9.2\jackson-mapper-asl-1.9.2.jar;C:\Users\xing_\Desktop\M_uranussv\uranussv-facade\target\uranussv-facade-1.0.0.jar;C:\m2\repository\javax\servlet\javax.servlet-api\3.1.0\javax.servlet-api-3.1.0.jar;C:\m2\repository\org\apache\poi\poi\3.17\poi-3.17.jar;C:\m2\repository\commons-codec\commons-codec\1.8\commons-codec-1.8.jar;C:\m2\repository\org\apache\commons\commons-collections4\4.1\commons-collections4-4.1.jar;C:\m2\repository\org\apache\poi\poi-ooxml\3.15\poi-ooxml-3.15.jar;C:\m2\repository\org\apache\poi\poi-ooxml-schemas\3.15\poi-ooxml-schemas-3.15.jar;C:\m2\repository\org\apache\xmlbeans\xmlbeans\2.6.0\xmlbeans-2.6.0.jar;C:\m2\repository\stax\stax-api\1.0.1\stax-api-1.0.1.jar;C:\m2\repository\com\github\virtuald\curvesapi\1.04\curvesapi-1.04.jar;C:\m2\repository\com\yunrich\yunrich-common-utils\1.1.1\yunrich-common-utils-1.1.1.jar;C:\m2\repository\com\yunrich\yunrich-common\1.1.2\yunrich-common-1.1.2.jar;C:\m2\repository\commons-lang\commons-lang\2.6\commons-lang-2.6.jar;C:\m2\repository\org\springframework\boot\spring-boot-starter-web\2.0.2.RELEASE\spring-boot-starter-web-2.0.2.RELEASE.jar;C:\m2\repository\org\springframework\boot\spring-boot-starter\2.0.2.RELEASE\spring-boot-starter-2.0.2.RELEASE.jar;C:\m2\repository\org\springframework\boot\spring-boot\2.0.2.RELEASE\spring-boot-2.0.2.RELEASE.jar;C:\m2\repository\org\springframework\boot\spring-boot-autoconfigure\2.0.2.RELEASE\spring-boot-autoconfigure-2.0.2.RELEASE.jar;C:\m2\repository\org\springframework\boot\spring-boot-starter-logging\2.0.2.RELEASE\spring-boot-starter-logging-2.0.2.RELEASE.jar;C:\m2\repository\ch\qos\logback\logback-classic\1.2.3\logback-classic-1.2.3.jar;C:\m2\repository\ch\qos\logback\logback-core\1.2.3\logback-core-1.2.3.jar;C:\m2\repository\org\apache\logging\log4j\log4j-to-slf4j\2.10.0\log4j-to-slf4j-2.10.0.jar;C:\m2\repository\org\apache\logging\log4j\log4j-api\2.10.0\log4j-api-2.10.0.jar;C:\m2\repository\org\slf4j\jul-to-slf4j\1.7.25\jul-to-slf4j-1.7.25.jar;C:\m2\repository\javax\annotation\javax.annotation-api\1.3.2\javax.annotation-api-1.3.2.jar;C:\m2\repository\org\springframework\spring-core\5.0.6.RELEASE\spring-core-5.0.6.RELEASE.jar;C:\m2\repository\org\springframework\spring-jcl\5.0.6.RELEASE\spring-jcl-5.0.6.RELEASE.jar;C:\m2\repository\org\yaml\snakeyaml\1.23\snakeyaml-1.23.jar;C:\m2\repository\org\springframework\boot\spring-boot-starter-json\2.0.2.RELEASE\spring-boot-starter-json-2.0.2.RELEASE.jar;C:\m2\repository\com\fasterxml\jackson\datatype\jackson-datatype-jdk8\2.9.5\jackson-datatype-jdk8-2.9.5.jar;C:\m2\repository\com\fasterxml\jackson\datatype\jackson-datatype-jsr310\2.9.5\jackson-datatype-jsr310-2.9.5.jar;C:\m2\repository\com\fasterxml\jackson\module\jackson-module-parameter-names\2.9.5\jackson-module-parameter-names-2.9.5.jar;C:\m2\repository\org\hibernate\validator\hibernate-validator\6.0.9.Final\hibernate-validator-6.0.9.Final.jar;C:\m2\repository\javax\validation\validation-api\2.0.1.Final\validation-api-2.0.1.Final.jar;C:\m2\repository\org\jboss\logging\jboss-logging\3.3.2.Final\jboss-logging-3.3.2.Final.jar;C:\m2\repository\org\springframework\spring-web\5.0.6.RELEASE\spring-web-5.0.6.RELEASE.jar;C:\m2\repository\org\springframework\spring-beans\5.0.6.RELEASE\spring-beans-5.0.6.RELEASE.jar;C:\m2\repository\org\springframework\spring-webmvc\5.0.6.RELEASE\spring-webmvc-5.0.6.RELEASE.jar;C:\m2\repository\org\springframework\spring-aop\5.0.6.RELEASE\spring-aop-5.0.6.RELEASE.jar;C:\m2\repository\org\springframework\spring-context\5.0.6.RELEASE\spring-context-5.0.6.RELEASE.jar;C:\m2\repository\org\springframework\spring-expression\5.0.6.RELEASE\spring-expression-5.0.6.RELEASE.jar;C:\m2\repository\org\springframework\boot\spring-boot-starter-jetty\2.0.2.RELEASE\spring-boot-starter-jetty-2.0.2.RELEASE.jar;C:\m2\repository\org\eclipse\jetty\jetty-servlets\9.4.10.v20180503\jetty-servlets-9.4.10.v20180503.jar;C:\m2\repository\org\eclipse\jetty\jetty-continuation\9.4.10.v20180503\jetty-continuation-9.4.10.v20180503.jar;C:\m2\repository\org\eclipse\jetty\jetty-http\9.4.10.v20180503\jetty-http-9.4.10.v20180503.jar;C:\m2\repository\org\eclipse\jetty\jetty-util\9.4.10.v20180503\jetty-util-9.4.10.v20180503.jar;C:\m2\repository\org\eclipse\jetty\jetty-io\9.4.10.v20180503\jetty-io-9.4.10.v20180503.jar;C:\m2\repository\org\eclipse\jetty\jetty-webapp\9.4.10.v20180503\jetty-webapp-9.4.10.v20180503.jar;C:\m2\repository\org\eclipse\jetty\jetty-xml\9.4.10.v20180503\jetty-xml-9.4.10.v20180503.jar;C:\m2\repository\org\eclipse\jetty\jetty-servlet\9.4.10.v20180503\jetty-servlet-9.4.10.v20180503.jar;C:\m2\repository\org\eclipse\jetty\jetty-security\9.4.10.v20180503\jetty-security-9.4.10.v20180503.jar;C:\m2\repository\org\eclipse\jetty\jetty-server\9.4.10.v20180503\jetty-server-9.4.10.v20180503.jar;C:\m2\repository\org\eclipse\jetty\websocket\websocket-server\9.4.10.v20180503\websocket-server-9.4.10.v20180503.jar;C:\m2\repository\org\eclipse\jetty\websocket\websocket-common\9.4.10.v20180503\websocket-common-9.4.10.v20180503.jar;C:\m2\repository\org\eclipse\jetty\websocket\websocket-api\9.4.10.v20180503\websocket-api-9.4.10.v20180503.jar;C:\m2\repository\org\eclipse\jetty\websocket\websocket-client\9.4.10.v20180503\websocket-client-9.4.10.v20180503.jar;C:\m2\repository\org\eclipse\jetty\jetty-client\9.4.10.v20180503\jetty-client-9.4.10.v20180503.jar;C:\m2\repository\org\eclipse\jetty\websocket\websocket-servlet\9.4.10.v20180503\websocket-servlet-9.4.10.v20180503.jar;C:\m2\repository\org\eclipse\jetty\websocket\javax-websocket-server-impl\9.4.10.v20180503\javax-websocket-server-impl-9.4.10.v20180503.jar;C:\m2\repository\org\eclipse\jetty\jetty-annotations\9.4.10.v20180503\jetty-annotations-9.4.10.v20180503.jar;C:\m2\repository\org\eclipse\jetty\jetty-plus\9.4.10.v20180503\jetty-plus-9.4.10.v20180503.jar;C:\m2\repository\org\ow2\asm\asm\6.1.1\asm-6.1.1.jar;C:\m2\repository\org\ow2\asm\asm-commons\6.1.1\asm-commons-6.1.1.jar;C:\m2\repository\org\ow2\asm\asm-tree\6.1.1\asm-tree-6.1.1.jar;C:\m2\repository\org\ow2\asm\asm-analysis\6.1.1\asm-analysis-6.1.1.jar;C:\m2\repository\org\eclipse\jetty\websocket\javax-websocket-client-impl\9.4.10.v20180503\javax-websocket-client-impl-9.4.10.v20180503.jar;C:\m2\repository\javax\websocket\javax.websocket-api\1.0\javax.websocket-api-1.0.jar;C:\m2\repository\org\mortbay\jasper\apache-el\8.5.24.2\apache-el-8.5.24.2.jar;C:\m2\repository\io\springfox\springfox-swagger2\2.9.2\springfox-swagger2-2.9.2.jar;C:\m2\repository\io\swagger\swagger-annotations\1.5.20\swagger-annotations-1.5.20.jar;C:\m2\repository\io\swagger\swagger-models\1.5.20\swagger-models-1.5.20.jar;C:\m2\repository\io\springfox\springfox-spi\2.9.2\springfox-spi-2.9.2.jar;C:\m2\repository\io\springfox\springfox-core\2.9.2\springfox-core-2.9.2.jar;C:\m2\repository\io\springfox\springfox-schema\2.9.2\springfox-schema-2.9.2.jar;C:\m2\repository\io\springfox\springfox-swagger-common\2.9.2\springfox-swagger-common-2.9.2.jar;C:\m2\repository\io\springfox\springfox-spring-web\2.9.2\springfox-spring-web-2.9.2.jar;C:\m2\repository\com\google\guava\guava\20.0\guava-20.0.jar;C:\m2\repository\com\fasterxml\classmate\1.3.4\classmate-1.3.4.jar;C:\m2\repository\org\slf4j\slf4j-api\1.7.25\slf4j-api-1.7.25.jar;C:\m2\repository\org\springframework\plugin\spring-plugin-core\1.2.0.RELEASE\spring-plugin-core-1.2.0.RELEASE.jar;C:\m2\repository\org\springframework\plugin\spring-plugin-metadata\1.2.0.RELEASE\spring-plugin-metadata-1.2.0.RELEASE.jar;C:\m2\repository\org\mapstruct\mapstruct\1.2.0.Final\mapstruct-1.2.0.Final.jar;C:\m2\repository\io\springfox\springfox-swagger-ui\2.9.2\springfox-swagger-ui-2.9.2.jar;C:\m2\repository\org\springframework\boot\spring-boot-starter-data-redis\2.0.1.RELEASE\spring-boot-starter-data-redis-2.0.1.RELEASE.jar;C:\m2\repository\org\springframework\data\spring-data-redis\2.0.7.RELEASE\spring-data-redis-2.0.7.RELEASE.jar;C:\m2\repository\org\springframework\data\spring-data-keyvalue\2.0.7.RELEASE\spring-data-keyvalue-2.0.7.RELEASE.jar;C:\m2\repository\org\springframework\data\spring-data-commons\2.0.7.RELEASE\spring-data-commons-2.0.7.RELEASE.jar;C:\m2\repository\org\springframework\spring-tx\5.0.6.RELEASE\spring-tx-5.0.6.RELEASE.jar;C:\m2\repository\org\springframework\spring-oxm\5.0.6.RELEASE\spring-oxm-5.0.6.RELEASE.jar;C:\m2\repository\org\springframework\spring-context-support\5.0.6.RELEASE\spring-context-support-5.0.6.RELEASE.jar;C:\m2\repository\io\lettuce\lettuce-core\5.0.4.RELEASE\lettuce-core-5.0.4.RELEASE.jar;C:\m2\repository\io\projectreactor\reactor-core\3.1.7.RELEASE\reactor-core-3.1.7.RELEASE.jar;C:\m2\repository\org\reactivestreams\reactive-streams\1.0.2\reactive-streams-1.0.2.jar;C:\m2\repository\redis\clients\jedis\2.9.0\jedis-2.9.0.jar;C:\m2\repository\org\apache\commons\commons-pool2\2.5.0\commons-pool2-2.5.0.jar;C:\m2\repository\org\redisson\redisson\3.5.0\redisson-3.5.0.jar;C:\m2\repository\io\netty\netty-common\4.1.24.Final\netty-common-4.1.24.Final.jar;C:\m2\repository\io\netty\netty-codec\4.1.24.Final\netty-codec-4.1.24.Final.jar;C:\m2\repository\io\netty\netty-buffer\4.1.24.Final\netty-buffer-4.1.24.Final.jar;C:\m2\repository\io\netty\netty-transport\4.1.24.Final\netty-transport-4.1.24.Final.jar;C:\m2\repository\io\netty\netty-resolver\4.1.24.Final\netty-resolver-4.1.24.Final.jar;C:\m2\repository\io\netty\netty-handler\4.1.24.Final\netty-handler-4.1.24.Final.jar;C:\m2\repository\javax\cache\cache-api\1.1.0\cache-api-1.1.0.jar;C:\m2\repository\io\projectreactor\reactor-stream\2.0.8.RELEASE\reactor-stream-2.0.8.RELEASE.jar;C:\m2\repository\com\fasterxml\jackson\dataformat\jackson-dataformat-yaml\2.9.5\jackson-dataformat-yaml-2.9.5.jar;C:\m2\repository\com\fasterxml\jackson\core\jackson-core\2.9.5\jackson-core-2.9.5.jar;C:\m2\repository\com\fasterxml\jackson\core\jackson-databind\2.9.5\jackson-databind-2.9.5.jar;C:\m2\repository\net\openhft\zero-allocation-hashing\0.8\zero-allocation-hashing-0.8.jar;C:\m2\repository\net\bytebuddy\byte-buddy\1.7.11\byte-buddy-1.7.11.jar;C:\m2\repository\org\jodd\jodd-bean\3.7.1\jodd-bean-3.7.1.jar;C:\m2\repository\org\jodd\jodd-core\3.7.1\jodd-core-3.7.1.jar;C:\m2\repository\p6spy\p6spy\3.7.0\p6spy-3.7.0.jar;C:\m2\repository\javax\ws\rs\jsr311-api\1.1.1\jsr311-api-1.1.1.jar;C:\m2\repository\com\github\pagehelper\pagehelper-spring-boot-starter\1.2.5\pagehelper-spring-boot-starter-1.2.5.jar;C:\m2\repository\org\mybatis\spring\boot\mybatis-spring-boot-starter\1.3.2\mybatis-spring-boot-starter-1.3.2.jar;C:\m2\repository\org\springframework\boot\spring-boot-starter-jdbc\2.0.2.RELEASE\spring-boot-starter-jdbc-2.0.2.RELEASE.jar;C:\m2\repository\com\zaxxer\HikariCP\2.7.9\HikariCP-2.7.9.jar;C:\m2\repository\org\springframework\spring-jdbc\5.0.6.RELEASE\spring-jdbc-5.0.6.RELEASE.jar;C:\m2\repository\org\mybatis\spring\boot\mybatis-spring-boot-autoconfigure\1.3.2\mybatis-spring-boot-autoconfigure-1.3.2.jar;C:\m2\repository\org\mybatis\mybatis\3.4.6\mybatis-3.4.6.jar;C:\m2\repository\org\mybatis\mybatis-spring\1.3.2\mybatis-spring-1.3.2.jar;C:\m2\repository\com\github\pagehelper\pagehelper-spring-boot-autoconfigure\1.2.5\pagehelper-spring-boot-autoconfigure-1.2.5.jar;C:\m2\repository\com\github\pagehelper\pagehelper\5.1.4\pagehelper-5.1.4.jar;C:\m2\repository\com\github\jsqlparser\jsqlparser\1.0\jsqlparser-1.0.jar;"/>
    <property name="java.vm.vendor" value="Oracle Corporation"/>
    <property name="sun.arch.data.model" value="64"/>
    <property name="user.variant" value=""/>
    <property name="java.vendor.url" value="http://java.oracle.com/"/>
    <property name="user.timezone" value=""/>
    <property name="user.country.format" value="001"/>
    <property name="java.vm.specification.version" value="1.8"/>
    <property name="os.name" value="Windows 10"/>
    <property name="user.country" value="CN"/>
    <property name="sun.java.launcher" value="SUN_STANDARD"/>
    <property name="sun.boot.library.path" value="C:\Program Files\Java\jdk1.8.0_221\jre\bin"/>
    <property name="sun.java.command" value="C:\Users\xing_\AppData\Local\Temp\surefire7926738562931621435\surefirebooter2458310260481792397.jar C:\Users\xing_\AppData\Local\Temp\surefire7926738562931621435 2019-08-19T14-06-57_340-jvmRun1 surefire7801762923376682919tmp surefire_1579404899393930994tmp"/>
    <property name="surefire.test.class.path" value="C:\Users\xing_\Desktop\M_uranussv\uranussv-web\target\test-classes;C:\Users\xing_\Desktop\M_uranussv\uranussv-web\target\classes;C:\Users\xing_\Desktop\M_uranussv\uranussv-biz\target\uranussv-biz-1.0.0.jar;C:\Users\xing_\Desktop\M_uranussv\uranussv-service\target\uranussv-service-1.0.0.jar;C:\Users\xing_\Desktop\M_uranussv\uranussv-dal\target\uranussv-dal-1.0.0.jar;C:\Users\xing_\Desktop\M_uranussv\uranussv-utils\target\uranussv-utils-1.0.0.jar;C:\m2\repository\org\projectlombok\lombok\1.16.20\lombok-1.16.20.jar;C:\m2\repository\com\jieandata\jaguar-common\1.0.0\jaguar-common-1.0.0.jar;C:\m2\repository\com\jieandata\jaguar-common-utils\1.0.0\jaguar-common-utils-1.0.0.jar;C:\m2\repository\org\apache\commons\commons-lang3\3.7\commons-lang3-3.7.jar;C:\m2\repository\org\apache\commons\commons-text\1.6\commons-text-1.6.jar;C:\m2\repository\org\apache\directory\studio\org.apache.commons.io\2.4\org.apache.commons.io-2.4.jar;C:\m2\repository\commons-io\commons-io\2.4\commons-io-2.4.jar;C:\m2\repository\org\apache\httpcomponents\httpcore\4.4.6\httpcore-4.4.6.jar;C:\m2\repository\org\apache\httpcomponents\httpclient\4.5.3\httpclient-4.5.3.jar;C:\m2\repository\commons-logging\commons-logging\1.2\commons-logging-1.2.jar;C:\m2\repository\org\apache\httpcomponents\httpmime\4.5.5\httpmime-4.5.5.jar;C:\m2\repository\mysql\mysql-connector-java\8.0.12\mysql-connector-java-8.0.12.jar;C:\m2\repository\com\google\protobuf\protobuf-java\2.6.0\protobuf-java-2.6.0.jar;C:\m2\repository\org\mybatis\generator\mybatis-generator-core\1.3.6\mybatis-generator-core-1.3.6.jar;C:\Users\xing_\Desktop\M_uranussv\uranussv-integration\target\uranussv-integration-1.0.0.jar;C:\m2\repository\com\fasterxml\jackson\core\jackson-annotations\2.9.5\jackson-annotations-2.9.5.jar;C:\m2\repository\org\codehaus\jackson\jackson-core-asl\1.9.2\jackson-core-asl-1.9.2.jar;C:\m2\repository\org\codehaus\jackson\jackson-mapper-asl\1.9.2\jackson-mapper-asl-1.9.2.jar;C:\Users\xing_\Desktop\M_uranussv\uranussv-facade\target\uranussv-facade-1.0.0.jar;C:\m2\repository\javax\servlet\javax.servlet-api\3.1.0\javax.servlet-api-3.1.0.jar;C:\m2\repository\org\apache\poi\poi\3.17\poi-3.17.jar;C:\m2\repository\commons-codec\commons-codec\1.8\commons-codec-1.8.jar;C:\m2\repository\org\apache\commons\commons-collections4\4.1\commons-collections4-4.1.jar;C:\m2\repository\org\apache\poi\poi-ooxml\3.15\poi-ooxml-3.15.jar;C:\m2\repository\org\apache\poi\poi-ooxml-schemas\3.15\poi-ooxml-schemas-3.15.jar;C:\m2\repository\org\apache\xmlbeans\xmlbeans\2.6.0\xmlbeans-2.6.0.jar;C:\m2\repository\stax\stax-api\1.0.1\stax-api-1.0.1.jar;C:\m2\repository\com\github\virtuald\curvesapi\1.04\curvesapi-1.04.jar;C:\m2\repository\com\yunrich\yunrich-common-utils\1.1.1\yunrich-common-utils-1.1.1.jar;C:\m2\repository\com\yunrich\yunrich-common\1.1.2\yunrich-common-1.1.2.jar;C:\m2\repository\commons-lang\commons-lang\2.6\commons-lang-2.6.jar;C:\m2\repository\org\springframework\boot\spring-boot-starter-web\2.0.2.RELEASE\spring-boot-starter-web-2.0.2.RELEASE.jar;C:\m2\repository\org\springframework\boot\spring-boot-starter\2.0.2.RELEASE\spring-boot-starter-2.0.2.RELEASE.jar;C:\m2\repository\org\springframework\boot\spring-boot\2.0.2.RELEASE\spring-boot-2.0.2.RELEASE.jar;C:\m2\repository\org\springframework\boot\spring-boot-autoconfigure\2.0.2.RELEASE\spring-boot-autoconfigure-2.0.2.RELEASE.jar;C:\m2\repository\org\springframework\boot\spring-boot-starter-logging\2.0.2.RELEASE\spring-boot-starter-logging-2.0.2.RELEASE.jar;C:\m2\repository\ch\qos\logback\logback-classic\1.2.3\logback-classic-1.2.3.jar;C:\m2\repository\ch\qos\logback\logback-core\1.2.3\logback-core-1.2.3.jar;C:\m2\repository\org\apache\logging\log4j\log4j-to-slf4j\2.10.0\log4j-to-slf4j-2.10.0.jar;C:\m2\repository\org\apache\logging\log4j\log4j-api\2.10.0\log4j-api-2.10.0.jar;C:\m2\repository\org\slf4j\jul-to-slf4j\1.7.25\jul-to-slf4j-1.7.25.jar;C:\m2\repository\javax\annotation\javax.annotation-api\1.3.2\javax.annotation-api-1.3.2.jar;C:\m2\repository\org\springframework\spring-core\5.0.6.RELEASE\spring-core-5.0.6.RELEASE.jar;C:\m2\repository\org\springframework\spring-jcl\5.0.6.RELEASE\spring-jcl-5.0.6.RELEASE.jar;C:\m2\repository\org\yaml\snakeyaml\1.23\snakeyaml-1.23.jar;C:\m2\repository\org\springframework\boot\spring-boot-starter-json\2.0.2.RELEASE\spring-boot-starter-json-2.0.2.RELEASE.jar;C:\m2\repository\com\fasterxml\jackson\datatype\jackson-datatype-jdk8\2.9.5\jackson-datatype-jdk8-2.9.5.jar;C:\m2\repository\com\fasterxml\jackson\datatype\jackson-datatype-jsr310\2.9.5\jackson-datatype-jsr310-2.9.5.jar;C:\m2\repository\com\fasterxml\jackson\module\jackson-module-parameter-names\2.9.5\jackson-module-parameter-names-2.9.5.jar;C:\m2\repository\org\hibernate\validator\hibernate-validator\6.0.9.Final\hibernate-validator-6.0.9.Final.jar;C:\m2\repository\javax\validation\validation-api\2.0.1.Final\validation-api-2.0.1.Final.jar;C:\m2\repository\org\jboss\logging\jboss-logging\3.3.2.Final\jboss-logging-3.3.2.Final.jar;C:\m2\repository\org\springframework\spring-web\5.0.6.RELEASE\spring-web-5.0.6.RELEASE.jar;C:\m2\repository\org\springframework\spring-beans\5.0.6.RELEASE\spring-beans-5.0.6.RELEASE.jar;C:\m2\repository\org\springframework\spring-webmvc\5.0.6.RELEASE\spring-webmvc-5.0.6.RELEASE.jar;C:\m2\repository\org\springframework\spring-aop\5.0.6.RELEASE\spring-aop-5.0.6.RELEASE.jar;C:\m2\repository\org\springframework\spring-context\5.0.6.RELEASE\spring-context-5.0.6.RELEASE.jar;C:\m2\repository\org\springframework\spring-expression\5.0.6.RELEASE\spring-expression-5.0.6.RELEASE.jar;C:\m2\repository\org\springframework\boot\spring-boot-starter-jetty\2.0.2.RELEASE\spring-boot-starter-jetty-2.0.2.RELEASE.jar;C:\m2\repository\org\eclipse\jetty\jetty-servlets\9.4.10.v20180503\jetty-servlets-9.4.10.v20180503.jar;C:\m2\repository\org\eclipse\jetty\jetty-continuation\9.4.10.v20180503\jetty-continuation-9.4.10.v20180503.jar;C:\m2\repository\org\eclipse\jetty\jetty-http\9.4.10.v20180503\jetty-http-9.4.10.v20180503.jar;C:\m2\repository\org\eclipse\jetty\jetty-util\9.4.10.v20180503\jetty-util-9.4.10.v20180503.jar;C:\m2\repository\org\eclipse\jetty\jetty-io\9.4.10.v20180503\jetty-io-9.4.10.v20180503.jar;C:\m2\repository\org\eclipse\jetty\jetty-webapp\9.4.10.v20180503\jetty-webapp-9.4.10.v20180503.jar;C:\m2\repository\org\eclipse\jetty\jetty-xml\9.4.10.v20180503\jetty-xml-9.4.10.v20180503.jar;C:\m2\repository\org\eclipse\jetty\jetty-servlet\9.4.10.v20180503\jetty-servlet-9.4.10.v20180503.jar;C:\m2\repository\org\eclipse\jetty\jetty-security\9.4.10.v20180503\jetty-security-9.4.10.v20180503.jar;C:\m2\repository\org\eclipse\jetty\jetty-server\9.4.10.v20180503\jetty-server-9.4.10.v20180503.jar;C:\m2\repository\org\eclipse\jetty\websocket\websocket-server\9.4.10.v20180503\websocket-server-9.4.10.v20180503.jar;C:\m2\repository\org\eclipse\jetty\websocket\websocket-common\9.4.10.v20180503\websocket-common-9.4.10.v20180503.jar;C:\m2\repository\org\eclipse\jetty\websocket\websocket-api\9.4.10.v20180503\websocket-api-9.4.10.v20180503.jar;C:\m2\repository\org\eclipse\jetty\websocket\websocket-client\9.4.10.v20180503\websocket-client-9.4.10.v20180503.jar;C:\m2\repository\org\eclipse\jetty\jetty-client\9.4.10.v20180503\jetty-client-9.4.10.v20180503.jar;C:\m2\repository\org\eclipse\jetty\websocket\websocket-servlet\9.4.10.v20180503\websocket-servlet-9.4.10.v20180503.jar;C:\m2\repository\org\eclipse\jetty\websocket\javax-websocket-server-impl\9.4.10.v20180503\javax-websocket-server-impl-9.4.10.v20180503.jar;C:\m2\repository\org\eclipse\jetty\jetty-annotations\9.4.10.v20180503\jetty-annotations-9.4.10.v20180503.jar;C:\m2\repository\org\eclipse\jetty\jetty-plus\9.4.10.v20180503\jetty-plus-9.4.10.v20180503.jar;C:\m2\repository\org\ow2\asm\asm\6.1.1\asm-6.1.1.jar;C:\m2\repository\org\ow2\asm\asm-commons\6.1.1\asm-commons-6.1.1.jar;C:\m2\repository\org\ow2\asm\asm-tree\6.1.1\asm-tree-6.1.1.jar;C:\m2\repository\org\ow2\asm\asm-analysis\6.1.1\asm-analysis-6.1.1.jar;C:\m2\repository\org\eclipse\jetty\websocket\javax-websocket-client-impl\9.4.10.v20180503\javax-websocket-client-impl-9.4.10.v20180503.jar;C:\m2\repository\javax\websocket\javax.websocket-api\1.0\javax.websocket-api-1.0.jar;C:\m2\repository\org\mortbay\jasper\apache-el\8.5.24.2\apache-el-8.5.24.2.jar;C:\m2\repository\io\springfox\springfox-swagger2\2.9.2\springfox-swagger2-2.9.2.jar;C:\m2\repository\io\swagger\swagger-annotations\1.5.20\swagger-annotations-1.5.20.jar;C:\m2\repository\io\swagger\swagger-models\1.5.20\swagger-models-1.5.20.jar;C:\m2\repository\io\springfox\springfox-spi\2.9.2\springfox-spi-2.9.2.jar;C:\m2\repository\io\springfox\springfox-core\2.9.2\springfox-core-2.9.2.jar;C:\m2\repository\io\springfox\springfox-schema\2.9.2\springfox-schema-2.9.2.jar;C:\m2\repository\io\springfox\springfox-swagger-common\2.9.2\springfox-swagger-common-2.9.2.jar;C:\m2\repository\io\springfox\springfox-spring-web\2.9.2\springfox-spring-web-2.9.2.jar;C:\m2\repository\com\google\guava\guava\20.0\guava-20.0.jar;C:\m2\repository\com\fasterxml\classmate\1.3.4\classmate-1.3.4.jar;C:\m2\repository\org\slf4j\slf4j-api\1.7.25\slf4j-api-1.7.25.jar;C:\m2\repository\org\springframework\plugin\spring-plugin-core\1.2.0.RELEASE\spring-plugin-core-1.2.0.RELEASE.jar;C:\m2\repository\org\springframework\plugin\spring-plugin-metadata\1.2.0.RELEASE\spring-plugin-metadata-1.2.0.RELEASE.jar;C:\m2\repository\org\mapstruct\mapstruct\1.2.0.Final\mapstruct-1.2.0.Final.jar;C:\m2\repository\io\springfox\springfox-swagger-ui\2.9.2\springfox-swagger-ui-2.9.2.jar;C:\m2\repository\org\springframework\boot\spring-boot-starter-data-redis\2.0.1.RELEASE\spring-boot-starter-data-redis-2.0.1.RELEASE.jar;C:\m2\repository\org\springframework\data\spring-data-redis\2.0.7.RELEASE\spring-data-redis-2.0.7.RELEASE.jar;C:\m2\repository\org\springframework\data\spring-data-keyvalue\2.0.7.RELEASE\spring-data-keyvalue-2.0.7.RELEASE.jar;C:\m2\repository\org\springframework\data\spring-data-commons\2.0.7.RELEASE\spring-data-commons-2.0.7.RELEASE.jar;C:\m2\repository\org\springframework\spring-tx\5.0.6.RELEASE\spring-tx-5.0.6.RELEASE.jar;C:\m2\repository\org\springframework\spring-oxm\5.0.6.RELEASE\spring-oxm-5.0.6.RELEASE.jar;C:\m2\repository\org\springframework\spring-context-support\5.0.6.RELEASE\spring-context-support-5.0.6.RELEASE.jar;C:\m2\repository\io\lettuce\lettuce-core\5.0.4.RELEASE\lettuce-core-5.0.4.RELEASE.jar;C:\m2\repository\io\projectreactor\reactor-core\3.1.7.RELEASE\reactor-core-3.1.7.RELEASE.jar;C:\m2\repository\org\reactivestreams\reactive-streams\1.0.2\reactive-streams-1.0.2.jar;C:\m2\repository\redis\clients\jedis\2.9.0\jedis-2.9.0.jar;C:\m2\repository\org\apache\commons\commons-pool2\2.5.0\commons-pool2-2.5.0.jar;C:\m2\repository\org\redisson\redisson\3.5.0\redisson-3.5.0.jar;C:\m2\repository\io\netty\netty-common\4.1.24.Final\netty-common-4.1.24.Final.jar;C:\m2\repository\io\netty\netty-codec\4.1.24.Final\netty-codec-4.1.24.Final.jar;C:\m2\repository\io\netty\netty-buffer\4.1.24.Final\netty-buffer-4.1.24.Final.jar;C:\m2\repository\io\netty\netty-transport\4.1.24.Final\netty-transport-4.1.24.Final.jar;C:\m2\repository\io\netty\netty-resolver\4.1.24.Final\netty-resolver-4.1.24.Final.jar;C:\m2\repository\io\netty\netty-handler\4.1.24.Final\netty-handler-4.1.24.Final.jar;C:\m2\repository\javax\cache\cache-api\1.1.0\cache-api-1.1.0.jar;C:\m2\repository\io\projectreactor\reactor-stream\2.0.8.RELEASE\reactor-stream-2.0.8.RELEASE.jar;C:\m2\repository\com\fasterxml\jackson\dataformat\jackson-dataformat-yaml\2.9.5\jackson-dataformat-yaml-2.9.5.jar;C:\m2\repository\com\fasterxml\jackson\core\jackson-core\2.9.5\jackson-core-2.9.5.jar;C:\m2\repository\com\fasterxml\jackson\core\jackson-databind\2.9.5\jackson-databind-2.9.5.jar;C:\m2\repository\net\openhft\zero-allocation-hashing\0.8\zero-allocation-hashing-0.8.jar;C:\m2\repository\net\bytebuddy\byte-buddy\1.7.11\byte-buddy-1.7.11.jar;C:\m2\repository\org\jodd\jodd-bean\3.7.1\jodd-bean-3.7.1.jar;C:\m2\repository\org\jodd\jodd-core\3.7.1\jodd-core-3.7.1.jar;C:\m2\repository\p6spy\p6spy\3.7.0\p6spy-3.7.0.jar;C:\m2\repository\javax\ws\rs\jsr311-api\1.1.1\jsr311-api-1.1.1.jar;C:\m2\repository\com\github\pagehelper\pagehelper-spring-boot-starter\1.2.5\pagehelper-spring-boot-starter-1.2.5.jar;C:\m2\repository\org\mybatis\spring\boot\mybatis-spring-boot-starter\1.3.2\mybatis-spring-boot-starter-1.3.2.jar;C:\m2\repository\org\springframework\boot\spring-boot-starter-jdbc\2.0.2.RELEASE\spring-boot-starter-jdbc-2.0.2.RELEASE.jar;C:\m2\repository\com\zaxxer\HikariCP\2.7.9\HikariCP-2.7.9.jar;C:\m2\repository\org\springframework\spring-jdbc\5.0.6.RELEASE\spring-jdbc-5.0.6.RELEASE.jar;C:\m2\repository\org\mybatis\spring\boot\mybatis-spring-boot-autoconfigure\1.3.2\mybatis-spring-boot-autoconfigure-1.3.2.jar;C:\m2\repository\org\mybatis\mybatis\3.4.6\mybatis-3.4.6.jar;C:\m2\repository\org\mybatis\mybatis-spring\1.3.2\mybatis-spring-1.3.2.jar;C:\m2\repository\com\github\pagehelper\pagehelper-spring-boot-autoconfigure\1.2.5\pagehelper-spring-boot-autoconfigure-1.2.5.jar;C:\m2\repository\com\github\pagehelper\pagehelper\5.1.4\pagehelper-5.1.4.jar;C:\m2\repository\com\github\jsqlparser\jsqlparser\1.0\jsqlparser-1.0.jar;"/>
    <property name="sun.cpu.endian" value="little"/>
    <property name="user.home" value="C:\Users\xing_"/>
    <property name="user.language" value="zh"/>
    <property name="java.specification.vendor" value="Oracle Corporation"/>
    <property name="java.home" value="C:\Program Files\Java\jdk1.8.0_221\jre"/>
    <property name="basedir" value="C:\Users\xing_\Desktop\M_uranussv\uranussv-web"/>
    <property name="file.separator" value="\"/>
    <property name="line.separator" value="&#10;"/>
    <property name="java.vm.specification.vendor" value="Oracle Corporation"/>
    <property name="java.specification.name" value="Java Platform API Specification"/>
    <property name="java.awt.graphicsenv" value="sun.awt.Win32GraphicsEnvironment"/>
    <property name="surefire.real.class.path" value="C:\Users\xing_\AppData\Local\Temp\surefire7926738562931621435\surefirebooter2458310260481792397.jar"/>
    <property name="sun.boot.class.path" value="C:\Program Files\Java\jdk1.8.0_221\jre\lib\resources.jar;C:\Program Files\Java\jdk1.8.0_221\jre\lib\rt.jar;C:\Program Files\Java\jdk1.8.0_221\jre\lib\sunrsasign.jar;C:\Program Files\Java\jdk1.8.0_221\jre\lib\jsse.jar;C:\Program Files\Java\jdk1.8.0_221\jre\lib\jce.jar;C:\Program Files\Java\jdk1.8.0_221\jre\lib\charsets.jar;C:\Program Files\Java\jdk1.8.0_221\jre\lib\jfr.jar;C:\Program Files\Java\jdk1.8.0_221\jre\classes"/>
    <property name="user.script" value=""/>
    <property name="sun.management.compiler" value="HotSpot 64-Bit Tiered Compilers"/>
    <property name="java.runtime.version" value="1.8.0_221-b11"/>
    <property name="user.name" value="xing_"/>
    <property name="path.separator" value=";"/>
    <property name="os.version" value="10.0"/>
    <property name="java.endorsed.dirs" value="C:\Program Files\Java\jdk1.8.0_221\jre\lib\endorsed"/>
    <property name="java.runtime.name" value="Java(TM) SE Runtime Environment"/>
    <property name="file.encoding" value="Cp1252"/>
    <property name="java.vm.name" value="Java HotSpot(TM) 64-Bit Server VM"/>
    <property name="localRepository" value="C:\m2\repository"/>
    <property name="java.vendor.url.bug" value="http://bugreport.sun.com/bugreport/"/>
    <property name="java.io.tmpdir" value="C:\Users\xing_\AppData\Local\Temp\"/>
    <property name="java.version" value="1.8.0_221"/>
    <property name="user.dir" value="C:\Users\xing_\Desktop\M_uranussv\uranussv-web"/>
    <property name="os.arch" value="amd64"/>
    <property name="java.vm.specification.name" value="Java Virtual Machine Specification"/>
    <property name="java.awt.printerjob" value="sun.awt.windows.WPrinterJob"/>
    <property name="user.language.format" value="en"/>
    <property name="idea.version2019.1.3" value="true"/>
    <property name="sun.os.patch.level" value=""/>
    <property name="java.library.path" value="C:\Program Files\Java\jdk1.8.0_221\jre\bin;C:\WINDOWS\Sun\Java\bin;C:\WINDOWS\system32;C:\WINDOWS;C:\Program Files (x86)\Common Files\Oracle\Java\javapath;C:\Windows\system32;C:\Windows;C:\Windows\System32\Wbem;C:\Windows\System32\WindowsPowerShell\v1.0\;C:\WINDOWS\system32;C:\WINDOWS;C:\WINDOWS\System32\Wbem;C:\WINDOWS\System32\WindowsPowerShell\v1.0\;C:\WINDOWS\System32\OpenSSH\;C:\Program Files\dotnet\;D:\Git\cmd;C:\Users\xing_\Desktop\apache-maven-3.6.1-bin\apache-maven-3.6.1\bin;D:\OpenVPN\bin;C:\Program Files\TortoiseSVN\bin;C:\Program Files\nodejs\;D:\geckodriver-v0.24.0-win64;C:\Users\xing_\AppData\Roaming\npm;D:\Microsoft VS Code\bin;."/>
    <property name="java.vm.info" value="mixed mode"/>
    <property name="java.vendor" value="Oracle Corporation"/>
    <property name="java.vm.version" value="25.221-b11"/>
    <property name="java.ext.dirs" value="C:\Program Files\Java\jdk1.8.0_221\jre\lib\ext;C:\WINDOWS\Sun\Java\lib\ext"/>
    <property name="sun.io.unicode.encoding" value="UnicodeLittle"/>
    <property name="java.class.version" value="52.0"/>
  </properties>
</testsuite>